2020-06-12 21:04:27,148 - Log4JLogChute initialized using file 'target/velocity.log'
2020-06-12 21:04:27,148 - Initializing Velocity, Calling init()...
2020-06-12 21:04:27,148 - Starting Apache Velocity v1.7 (compiled: 2010-11-19 12:14:37)
2020-06-12 21:04:27,148 - Default Properties File: org/apache/velocity/runtime/defaults/velocity.properties
2020-06-12 21:04:27,148 - Trying to use logger class org.apache.velocity.runtime.log.AvalonLogChute
2020-06-12 21:04:27,148 - Target log system for org.apache.velocity.runtime.log.AvalonLogChute is not available (java.lang.NoClassDefFoundError: org/apache/log/format/Formatter).  Falling back to next log system...
2020-06-12 21:04:27,148 - Trying to use logger class org.apache.velocity.runtime.log.Log4JLogChute
2020-06-12 21:04:27,148 - Using logger class org.apache.velocity.runtime.log.Log4JLogChute
2020-06-12 21:04:27,150 - ResourceLoader instantiated: org.apache.velocity.runtime.resource.loader.ClasspathResourceLoader
2020-06-12 21:04:27,162 - ResourceCache: initialized (class org.apache.velocity.runtime.resource.ResourceCacheImpl) with class java.util.Collections$SynchronizedMap cache map.
2020-06-12 21:04:27,163 - Loaded System Directive: org.apache.velocity.runtime.directive.Stop
2020-06-12 21:04:27,163 - Loaded System Directive: org.apache.velocity.runtime.directive.Define
2020-06-12 21:04:27,164 - Loaded System Directive: org.apache.velocity.runtime.directive.Break
2020-06-12 21:04:27,165 - Loaded System Directive: org.apache.velocity.runtime.directive.Evaluate
2020-06-12 21:04:27,165 - Loaded System Directive: org.apache.velocity.runtime.directive.Literal
2020-06-12 21:04:27,166 - Loaded System Directive: org.apache.velocity.runtime.directive.Macro
2020-06-12 21:04:27,167 - Loaded System Directive: org.apache.velocity.runtime.directive.Parse
2020-06-12 21:04:27,167 - Loaded System Directive: org.apache.velocity.runtime.directive.Include
2020-06-12 21:04:27,168 - Loaded System Directive: org.apache.velocity.runtime.directive.Foreach
2020-06-12 21:04:27,195 - Created '20' parsers.
2020-06-12 21:04:27,199 - Velocimacro : "velocimacro.library" is not set.  Trying default library: VM_global_library.vm
2020-06-12 21:04:27,199 - Could not load resource 'VM_global_library.vm' from ResourceLoader org.apache.velocity.runtime.resource.loader.ClasspathResourceLoader: ClasspathResourceLoader Error: cannot find resource VM_global_library.vm
2020-06-12 21:04:27,199 - Velocimacro : Default library not found.
2020-06-12 21:04:27,199 - Velocimacro : allowInline = true : VMs can be defined inline in templates
2020-06-12 21:04:27,199 - Velocimacro : allowInlineToOverride = false : VMs defined inline may NOT replace previous VM definitions
2020-06-12 21:04:27,199 - Velocimacro : allowInlineLocal = false : VMs defined inline will be global in scope if allowed.
2020-06-12 21:04:27,200 - Velocimacro : autoload off : VM system will not automatically reload global library macros
2020-06-12 21:04:27,256 - ResourceManager : found templates/generators/errorpage.vm with loader org.apache.velocity.runtime.resource.loader.ClasspathResourceLoader
2020-06-12 21:04:27,259 - ResourceManager : found /templates/headers.vm with loader org.apache.velocity.runtime.resource.loader.ClasspathResourceLoader
2020-06-12 21:04:27,260 - ResourceManager : found /templates/head.vm with loader org.apache.velocity.runtime.resource.loader.ClasspathResourceLoader
2020-06-12 21:04:27,262 - Velocimacro : added VM stringArray: source=/templates/macros/array.js.vm
2020-06-12 21:04:27,262 - Velocimacro : added VM numberArray: source=/templates/macros/array.js.vm
2020-06-12 21:04:27,262 - ResourceManager : found /templates/macros/array.js.vm with loader org.apache.velocity.runtime.resource.loader.ClasspathResourceLoader
2020-06-12 21:04:27,263 - Velocimacro : added VM includeBuildInfo: source=/templates/macros/page/buildinfo.vm
2020-06-12 21:04:27,263 - ResourceManager : found /templates/macros/page/buildinfo.vm with loader org.apache.velocity.runtime.resource.loader.ClasspathResourceLoader
2020-06-12 21:04:27,266 - Velocimacro : added VM includeClassifications: source=/templates/macros/page/classifications.vm
2020-06-12 21:04:27,266 - ResourceManager : found /templates/macros/page/classifications.vm with loader org.apache.velocity.runtime.resource.loader.ClasspathResourceLoader
2020-06-12 21:04:27,267 - Velocimacro : added VM includeLead: source=/templates/macros/page/lead.vm
2020-06-12 21:04:27,267 - ResourceManager : found /templates/macros/page/lead.vm with loader org.apache.velocity.runtime.resource.loader.ClasspathResourceLoader
2020-06-12 21:04:27,269 - Velocimacro : added VM includeNavigation: source=/templates/macros/page/navigation.vm
2020-06-12 21:04:27,269 - ResourceManager : found /templates/macros/page/navigation.vm with loader org.apache.velocity.runtime.resource.loader.ClasspathResourceLoader
2020-06-12 21:04:27,271 - Velocimacro : added VM includeReportInfo: source=/templates/macros/page/reportInfo.vm
2020-06-12 21:04:27,271 - ResourceManager : found /templates/macros/page/reportInfo.vm with loader org.apache.velocity.runtime.resource.loader.ClasspathResourceLoader
2020-06-12 21:04:27,271 - Velocimacro : added VM includeTitle: source=/templates/macros/page/title.vm
2020-06-12 21:04:27,272 - ResourceManager : found /templates/macros/page/title.vm with loader org.apache.velocity.runtime.resource.loader.ClasspathResourceLoader
2020-06-12 21:04:27,272 - Velocimacro : added VM includeExpandingButtons: source=/templates/macros/report/expandAllButtons.vm
2020-06-12 21:04:27,272 - ResourceManager : found /templates/macros/report/expandAllButtons.vm with loader org.apache.velocity.runtime.resource.loader.ClasspathResourceLoader
2020-06-12 21:04:27,275 - Velocimacro : added VM includeReportTable: source=/templates/macros/report/reportTable.vm
2020-06-12 21:04:27,275 - ResourceManager : found /templates/macros/report/reportTable.vm with loader org.apache.velocity.runtime.resource.loader.ClasspathResourceLoader
2020-06-12 21:04:27,276 - Velocimacro : added VM includeReportHeader: source=/templates/macros/report/reportHeader.vm
2020-06-12 21:04:27,276 - ResourceManager : found /templates/macros/report/reportHeader.vm with loader org.apache.velocity.runtime.resource.loader.ClasspathResourceLoader
2020-06-12 21:04:27,280 - Velocimacro : added VM includeStatsTable: source=/templates/macros/report/statsTable.vm
2020-06-12 21:04:27,280 - ResourceManager : found /templates/macros/report/statsTable.vm with loader org.apache.velocity.runtime.resource.loader.ClasspathResourceLoader
2020-06-12 21:04:27,281 - Velocimacro : added VM includeBrief: source=/templates/macros/json/brief.vm
2020-06-12 21:04:27,281 - ResourceManager : found /templates/macros/json/brief.vm with loader org.apache.velocity.runtime.resource.loader.ClasspathResourceLoader
2020-06-12 21:04:27,282 - Velocimacro : added VM includeDocString: source=/templates/macros/json/docstring.vm
2020-06-12 21:04:27,282 - ResourceManager : found /templates/macros/json/docstring.vm with loader org.apache.velocity.runtime.resource.loader.ClasspathResourceLoader
2020-06-12 21:04:27,282 - Velocimacro : added VM includeDuration: source=/templates/macros/json/duration.vm
2020-06-12 21:04:27,282 - ResourceManager : found /templates/macros/json/duration.vm with loader org.apache.velocity.runtime.resource.loader.ClasspathResourceLoader
2020-06-12 21:04:27,284 - Velocimacro : added VM includeElement: source=/templates/macros/json/element.vm
2020-06-12 21:04:27,284 - ResourceManager : found /templates/macros/json/element.vm with loader org.apache.velocity.runtime.resource.loader.ClasspathResourceLoader
2020-06-12 21:04:27,290 - Velocimacro : added VM includeEmbeddings: source=/templates/macros/json/embeddings.vm
2020-06-12 21:04:27,290 - Velocimacro : added VM includeHtmlEmbedding: source=/templates/macros/json/embeddings.vm
2020-06-12 21:04:27,290 - Velocimacro : added VM includeImageEmbedding: source=/templates/macros/json/embeddings.vm
2020-06-12 21:04:27,290 - Velocimacro : added VM includeImageReferenceEmbedding: source=/templates/macros/json/embeddings.vm
2020-06-12 21:04:27,290 - Velocimacro : added VM includeTextEmbedding: source=/templates/macros/json/embeddings.vm
2020-06-12 21:04:27,290 - Velocimacro : added VM includeUnknownEmbedding: source=/templates/macros/json/embeddings.vm
2020-06-12 21:04:27,290 - ResourceManager : found /templates/macros/json/embeddings.vm with loader org.apache.velocity.runtime.resource.loader.ClasspathResourceLoader
2020-06-12 21:04:27,292 - Velocimacro : added VM includeHooks: source=/templates/macros/json/hooks.vm
2020-06-12 21:04:27,292 - ResourceManager : found /templates/macros/json/hooks.vm with loader org.apache.velocity.runtime.resource.loader.ClasspathResourceLoader
2020-06-12 21:04:27,294 - Velocimacro : added VM includeOutput: source=/templates/macros/json/output.vm
2020-06-12 21:04:27,294 - ResourceManager : found /templates/macros/json/output.vm with loader org.apache.velocity.runtime.resource.loader.ClasspathResourceLoader
2020-06-12 21:04:27,295 - Velocimacro : added VM includeMessage: source=/templates/macros/json/message.vm
2020-06-12 21:04:27,295 - ResourceManager : found /templates/macros/json/message.vm with loader org.apache.velocity.runtime.resource.loader.ClasspathResourceLoader
2020-06-12 21:04:27,297 - Velocimacro : added VM includeSteps: source=/templates/macros/json/steps.vm
2020-06-12 21:04:27,297 - ResourceManager : found /templates/macros/json/steps.vm with loader org.apache.velocity.runtime.resource.loader.ClasspathResourceLoader
2020-06-12 21:04:27,298 - Velocimacro : added VM includeStepName: source=/templates/macros/json/stepName.vm
2020-06-12 21:04:27,298 - ResourceManager : found /templates/macros/json/stepName.vm with loader org.apache.velocity.runtime.resource.loader.ClasspathResourceLoader
2020-06-12 21:04:27,298 - Velocimacro : added VM includeTags: source=/templates/macros/json/tags.vm
2020-06-12 21:04:27,298 - ResourceManager : found /templates/macros/json/tags.vm with loader org.apache.velocity.runtime.resource.loader.ClasspathResourceLoader
2020-06-12 21:04:27,307 - VM #includeNavigation: too few arguments to macro. Wanted 1 got 0
2020-06-12 21:04:27,307 - Left side ($active_tab) of '==' operation has null value. If it is a reference, it may not be in the context or its toString() returned null. /templates/macros/page/navigation.vm[line 14, column 51]
2020-06-12 21:04:27,307 - Left side ($active_tab) of '==' operation has null value. If it is a reference, it may not be in the context or its toString() returned null. /templates/macros/page/navigation.vm[line 15, column 51]
2020-06-12 21:04:27,308 - Left side ($active_tab) of '==' operation has null value. If it is a reference, it may not be in the context or its toString() returned null. /templates/macros/page/navigation.vm[line 16, column 51]
2020-06-12 21:04:27,308 - Left side ($active_tab) of '==' operation has null value. If it is a reference, it may not be in the context or its toString() returned null. /templates/macros/page/navigation.vm[line 20, column 51]
2020-06-12 21:04:27,322 - Null reference [template 'templates/generators/errorpage.vm', line 23, column 85] : $build_number cannot be resolved.
2020-06-12 21:04:27,322 - Null reference [template 'templates/generators/errorpage.vm', line 23, column 85] : $build_number cannot be resolved.
2020-06-12 21:04:27,325 - ResourceManager : found /templates/footer.vm with loader org.apache.velocity.runtime.resource.loader.ClasspathResourceLoader
